<?xml version="1.0" encoding="UTF-8"?>
<robot generator="Robot 3.1.2 (Python 3.8.0 on win32)" generated="20191218 10:55:32.010" rpa="false">
<suite id="s1" name="Header" source="C:\Users\20012361\OneDrive - ADEO\Profils\Bureau\Automatisation - Waven\Header.robot">
<kw name="Go To HomePage" library="Keywords" type="setup">
<kw name="Open Browser" library="SeleniumLibrary">
<doc>Opens a new browser instance to the optional ``url``.</doc>
<arguments>
<arg>${url}</arg>
<arg>${browser}</arg>
<arg>${alias}</arg>
<arg>${urlgrid}</arg>
</arguments>
<msg timestamp="20191218 10:55:32.485" level="INFO">Opening browser 'Chrome' to base url 'https://www.waven-game.com/fr/' through remote server at 'http://10.1.5.140:4444/wd/hub'.</msg>
<status status="PASS" starttime="20191218 10:55:32.485" endtime="20191218 10:55:42.455"></status>
</kw>
<kw name="Maximize Browser Window" library="SeleniumLibrary">
<doc>Maximizes current browser window.</doc>
<kw name="Capture Page Screenshot" library="SeleniumLibrary">
<doc>Takes a screenshot of the current page and embeds it into a log file.</doc>
<status status="FAIL" starttime="20191218 10:55:48.500" endtime="20191218 10:55:48.500"></status>
</kw>
<msg timestamp="20191218 10:55:48.500" level="WARN">Keyword 'Capture Page Screenshot' could not be run on failure: Execution terminated by signal</msg>
<status status="FAIL" starttime="20191218 10:55:42.455" endtime="20191218 10:55:48.500"></status>
</kw>
<status status="FAIL" starttime="20191218 10:55:32.483" endtime="20191218 10:55:48.500"></status>
</kw>
<test id="s1-t1" name="VerifyLogo">
<tags>
<tag>robot:exit</tag>
</tags>
<status status="FAIL" starttime="20191218 10:55:48.500" endtime="20191218 10:55:48.501" critical="yes">Test execution stopped due to a fatal error.</status>
</test>
<test id="s1-t2" name="VerifyPlay">
<tags>
<tag>robot:exit</tag>
</tags>
<status status="FAIL" starttime="20191218 10:55:48.502" endtime="20191218 10:55:48.502" critical="yes">Test execution stopped due to a fatal error.</status>
</test>
<test id="s1-t3" name="VerifyActus">
<tags>
<tag>robot:exit</tag>
</tags>
<status status="FAIL" starttime="20191218 10:55:48.503" endtime="20191218 10:55:48.503" critical="yes">Test execution stopped due to a fatal error.</status>
</test>
<test id="s1-t4" name="VerifyHeros">
<tags>
<tag>robot:exit</tag>
</tags>
<status status="FAIL" starttime="20191218 10:55:48.503" endtime="20191218 10:55:48.504" critical="yes">Test execution stopped due to a fatal error.</status>
</test>
<test id="s1-t5" name="VerifyLadder">
<tags>
<tag>robot:exit</tag>
</tags>
<status status="FAIL" starttime="20191218 10:55:48.504" endtime="20191218 10:55:48.504" critical="yes">Test execution stopped due to a fatal error.</status>
</test>
<test id="s1-t6" name="VerifyForum">
<tags>
<tag>robot:exit</tag>
</tags>
<status status="FAIL" starttime="20191218 10:55:48.504" endtime="20191218 10:55:48.505" critical="yes">Test execution stopped due to a fatal error.</status>
</test>
<test id="s1-t7" name="VerifyConnexion">
<tags>
<tag>robot:exit</tag>
</tags>
<status status="FAIL" starttime="20191218 10:55:48.505" endtime="20191218 10:55:48.505" critical="yes">Test execution stopped due to a fatal error.</status>
</test>
<test id="s1-t8" name="VerifyInscription">
<tags>
<tag>robot:exit</tag>
</tags>
<status status="FAIL" starttime="20191218 10:55:48.506" endtime="20191218 10:55:48.506" critical="yes">Test execution stopped due to a fatal error.</status>
</test>
<test id="s1-t9" name="VerifyTranslate">
<tags>
<tag>robot:exit</tag>
</tags>
<status status="FAIL" starttime="20191218 10:55:48.506" endtime="20191218 10:55:48.506" critical="yes">Test execution stopped due to a fatal error.</status>
</test>
<kw name="Close Browser" library="SeleniumLibrary" type="teardown">
<doc>Closes the current browser.</doc>
<status status="PASS" starttime="20191218 10:55:48.507" endtime="20191218 10:55:48.515"></status>
</kw>
<doc>A test suite for the Header

This test has a workflow that is created using keywords in
the imported resource file.</doc>
<status status="FAIL" starttime="20191218 10:55:32.013" endtime="20191218 10:55:48.516">Suite setup failed:
Execution terminated by signal</status>
</suite>
<statistics>
<total>
<stat pass="0" fail="9">Critical Tests</stat>
<stat pass="0" fail="9">All Tests</stat>
</total>
<tag>
<stat pass="0" fail="0" info="combined" combined="NOT robot:exit">NOT robot:exit</stat>
<stat pass="0" fail="9">robot:exit</stat>
</tag>
<suite>
<stat pass="0" fail="9" id="s1" name="Header">Header</stat>
</suite>
</statistics>
<errors>
<msg timestamp="20191218 10:55:48.500" level="WARN">Keyword 'Capture Page Screenshot' could not be run on failure: Execution terminated by signal</msg>
</errors>
</robot>
