<?xml version="1.0" encoding="UTF-8"?>
<robot generator="Robot 3.1.2 (Python 3.8.0 on win32)" generated="20191218 11:37:25.716" rpa="false">
<suite id="s1" name="Suites">
<suite id="s1-s1" name="Header" source="C:\Users\20012361\OneDrive - ADEO\Profils\Bureau\Automatisation - Waven\TestCase\Header.robot">
<kw name="Go To HomePage" library="Keywords" type="setup">
<kw name="Open Browser" library="SeleniumLibrary">
<doc>Opens a new browser instance to the optional ``url``.</doc>
<arguments>
<arg>${url}</arg>
<arg>${browser}</arg>
<arg>${alias}</arg>
<arg>${urlgrid}</arg>
</arguments>
<msg timestamp="20191218 11:37:26.371" level="INFO">Opening browser 'Chrome' to base url 'https://www.waven-game.com/fr/' through remote server at 'http://10.1.5.140:4444/wd/hub'.</msg>
<status status="PASS" starttime="20191218 11:37:26.370" endtime="20191218 11:38:00.676"></status>
</kw>
<kw name="Maximize Browser Window" library="SeleniumLibrary">
<doc>Maximizes current browser window.</doc>
<status status="PASS" starttime="20191218 11:38:00.676" endtime="20191218 11:38:02.752"></status>
</kw>
<status status="PASS" starttime="20191218 11:37:26.370" endtime="20191218 11:38:02.752"></status>
</kw>
<test id="s1-s1-t1" name="VerifyLogo">
<kw name="Go To Logo" library="Keywords">
<kw name="Wait Until Keyword Succeeds" library="BuiltIn">
<doc>Runs the specified keyword and retries if it fails.</doc>
<arguments>
<arg>1s</arg>
<arg>2s</arg>
<arg>Click Element</arg>
<arg>${XpathHeaderLogo}</arg>
</arguments>
<kw name="Click Element" library="SeleniumLibrary">
<doc>Click the element identified by ``locator``.</doc>
<arguments>
<arg>${XpathHeaderLogo}</arg>
</arguments>
<msg timestamp="20191218 11:38:02.756" level="INFO">Clicking element '//a[@class="ak-logo"]'.</msg>
<status status="PASS" starttime="20191218 11:38:02.755" endtime="20191218 11:38:13.450"></status>
</kw>
<status status="PASS" starttime="20191218 11:38:02.754" endtime="20191218 11:38:13.450"></status>
</kw>
<kw name="Wait Until Keyword Succeeds" library="BuiltIn">
<doc>Runs the specified keyword and retries if it fails.</doc>
<arguments>
<arg>1s</arg>
<arg>2s</arg>
<arg>Wait Until Element is visible</arg>
<arg>${XpathHomePageSlogan}</arg>
</arguments>
<kw name="Wait Until Element Is Visible" library="SeleniumLibrary">
<doc>Waits until the element ``locator`` is visible.</doc>
<arguments>
<arg>${XpathHomePageSlogan}</arg>
</arguments>
<status status="PASS" starttime="20191218 11:38:13.453" endtime="20191218 11:38:13.594"></status>
</kw>
<status status="PASS" starttime="20191218 11:38:13.451" endtime="20191218 11:38:13.595"></status>
</kw>
<kw name="Get Location" library="SeleniumLibrary">
<doc>Returns the current browser window URL.</doc>
<assign>
<var>${item}</var>
</assign>
<msg timestamp="20191218 11:38:13.621" level="INFO">${item} = https://www.waven-game.com/fr/</msg>
<status status="PASS" starttime="20191218 11:38:13.595" endtime="20191218 11:38:13.621"></status>
</kw>
<kw name="Wait Until Keyword Succeeds" library="BuiltIn">
<doc>Runs the specified keyword and retries if it fails.</doc>
<arguments>
<arg>1s</arg>
<arg>2s</arg>
<arg>Should Be Equal</arg>
<arg>${item}</arg>
<arg>${UrlHomePage}</arg>
</arguments>
<kw name="Should Be Equal" library="BuiltIn">
<doc>Fails if the given objects are unequal.</doc>
<arguments>
<arg>${item}</arg>
<arg>${UrlHomePage}</arg>
</arguments>
<status status="PASS" starttime="20191218 11:38:13.622" endtime="20191218 11:38:13.623"></status>
</kw>
<status status="PASS" starttime="20191218 11:38:13.622" endtime="20191218 11:38:13.623"></status>
</kw>
<status status="PASS" starttime="20191218 11:38:02.753" endtime="20191218 11:38:13.623"></status>
</kw>
<status status="PASS" starttime="20191218 11:38:02.752" endtime="20191218 11:38:13.623" critical="yes"></status>
</test>
<test id="s1-s1-t2" name="VerifyPlay">
<kw name="Go To Play" library="Keywords">
<kw name="Wait Until Keyword Succeeds" library="BuiltIn">
<doc>Runs the specified keyword and retries if it fails.</doc>
<arguments>
<arg>1s</arg>
<arg>2s</arg>
<arg>Click Element</arg>
<arg>${XpathHeaderJouer}</arg>
</arguments>
<kw name="Click Element" library="SeleniumLibrary">
<doc>Click the element identified by ``locator``.</doc>
<arguments>
<arg>${XpathHeaderJouer}</arg>
</arguments>
<msg timestamp="20191218 11:38:13.626" level="INFO">Clicking element '//li[@class="nav-item"]//a[contains(text(),$Play)]'.</msg>
<status status="PASS" starttime="20191218 11:38:13.626" endtime="20191218 11:38:17.828"></status>
</kw>
<status status="PASS" starttime="20191218 11:38:13.626" endtime="20191218 11:38:17.828"></status>
</kw>
<kw name="Wait Until Keyword Succeeds" library="BuiltIn">
<doc>Runs the specified keyword and retries if it fails.</doc>
<arguments>
<arg>1s</arg>
<arg>2s</arg>
<arg>Wait Until Element is visible</arg>
<arg>${XpathDownload}</arg>
</arguments>
<kw name="Wait Until Element Is Visible" library="SeleniumLibrary">
<doc>Waits until the element ``locator`` is visible.</doc>
<arguments>
<arg>${XpathDownload}</arg>
</arguments>
<status status="PASS" starttime="20191218 11:38:17.830" endtime="20191218 11:38:17.938"></status>
</kw>
<status status="PASS" starttime="20191218 11:38:17.829" endtime="20191218 11:38:17.938"></status>
</kw>
<kw name="Get Location" library="SeleniumLibrary">
<doc>Returns the current browser window URL.</doc>
<assign>
<var>${item}</var>
</assign>
<msg timestamp="20191218 11:38:17.953" level="INFO">${item} = https://www.waven-game.com/fr/telecharger</msg>
<status status="PASS" starttime="20191218 11:38:17.938" endtime="20191218 11:38:17.953"></status>
</kw>
<kw name="Wait Until Keyword Succeeds" library="BuiltIn">
<doc>Runs the specified keyword and retries if it fails.</doc>
<arguments>
<arg>1s</arg>
<arg>2s</arg>
<arg>Should Be Equal</arg>
<arg>${item}</arg>
<arg>${UrlDownload}</arg>
</arguments>
<kw name="Should Be Equal" library="BuiltIn">
<doc>Fails if the given objects are unequal.</doc>
<arguments>
<arg>${item}</arg>
<arg>${UrlDownload}</arg>
</arguments>
<status status="PASS" starttime="20191218 11:38:17.954" endtime="20191218 11:38:17.955"></status>
</kw>
<status status="PASS" starttime="20191218 11:38:17.953" endtime="20191218 11:38:17.955"></status>
</kw>
<status status="PASS" starttime="20191218 11:38:13.625" endtime="20191218 11:38:17.955"></status>
</kw>
<status status="PASS" starttime="20191218 11:38:13.624" endtime="20191218 11:38:17.955" critical="yes"></status>
</test>
<test id="s1-s1-t3" name="VerifyActus">
<kw name="Go To Actus" library="Keywords">
<kw name="Wait Until Keyword Succeeds" library="BuiltIn">
<doc>Runs the specified keyword and retries if it fails.</doc>
<arguments>
<arg>1s</arg>
<arg>2s</arg>
<arg>Click Element</arg>
<arg>${XpathHeaderActu}</arg>
</arguments>
<kw name="Click Element" library="SeleniumLibrary">
<doc>Click the element identified by ``locator``.</doc>
<arguments>
<arg>${XpathHeaderActu}</arg>
</arguments>
<msg timestamp="20191218 11:38:17.958" level="INFO">Clicking element '//a[@id="newsDropdown"]'.</msg>
<status status="PASS" starttime="20191218 11:38:17.958" endtime="20191218 11:38:18.212"></status>
</kw>
<status status="PASS" starttime="20191218 11:38:17.957" endtime="20191218 11:38:18.213"></status>
</kw>
<kw name="Wait Until Keyword Succeeds" library="BuiltIn">
<doc>Runs the specified keyword and retries if it fails.</doc>
<arguments>
<arg>1s</arg>
<arg>2s</arg>
<arg>Wait Until Element is visible</arg>
<arg>${XpathNewsDropdown}</arg>
</arguments>
<kw name="Wait Until Element Is Visible" library="SeleniumLibrary">
<doc>Waits until the element ``locator`` is visible.</doc>
<arguments>
<arg>${XpathNewsDropdown}</arg>
</arguments>
<status status="PASS" starttime="20191218 11:38:18.214" endtime="20191218 11:38:18.324"></status>
</kw>
<status status="PASS" starttime="20191218 11:38:18.213" endtime="20191218 11:38:18.324"></status>
</kw>
<kw name="Wait Until Keyword Succeeds" library="BuiltIn">
<doc>Runs the specified keyword and retries if it fails.</doc>
<arguments>
<arg>1s</arg>
<arg>2s</arg>
<arg>Wait Until Element is visible</arg>
<arg>${XpathBlogDropdown}</arg>
</arguments>
<kw name="Wait Until Element Is Visible" library="SeleniumLibrary">
<doc>Waits until the element ``locator`` is visible.</doc>
<arguments>
<arg>${XpathBlogDropdown}</arg>
</arguments>
<status status="PASS" starttime="20191218 11:38:18.326" endtime="20191218 11:38:18.392"></status>
</kw>
<status status="PASS" starttime="20191218 11:38:18.324" endtime="20191218 11:38:18.393"></status>
</kw>
<kw name="Wait Until Keyword Succeeds" library="BuiltIn">
<doc>Runs the specified keyword and retries if it fails.</doc>
<arguments>
<arg>1s</arg>
<arg>2s</arg>
<arg>Click Element</arg>
<arg>${XpathNewsDropdown}</arg>
</arguments>
<kw name="Click Element" library="SeleniumLibrary">
<doc>Click the element identified by ``locator``.</doc>
<arguments>
<arg>${XpathNewsDropdown}</arg>
</arguments>
<msg timestamp="20191218 11:38:18.394" level="INFO">Clicking element '//a[@href="/fr/actualites/news"]'.</msg>
<status status="PASS" starttime="20191218 11:38:18.394" endtime="20191218 11:38:20.025"></status>
</kw>
<status status="PASS" starttime="20191218 11:38:18.393" endtime="20191218 11:38:20.025"></status>
</kw>
<kw name="Wait Until Keyword Succeeds" library="BuiltIn">
<doc>Runs the specified keyword and retries if it fails.</doc>
<arguments>
<arg>1s</arg>
<arg>2s</arg>
<arg>Wait Until Element is visible</arg>
<arg>${XpathNews}</arg>
</arguments>
<kw name="Wait Until Element Is Visible" library="SeleniumLibrary">
<doc>Waits until the element ``locator`` is visible.</doc>
<arguments>
<arg>${XpathNews}</arg>
</arguments>
<status status="PASS" starttime="20191218 11:38:20.026" endtime="20191218 11:38:20.089"></status>
</kw>
<status status="PASS" starttime="20191218 11:38:20.025" endtime="20191218 11:38:20.089"></status>
</kw>
<kw name="Get Location" library="SeleniumLibrary">
<doc>Returns the current browser window URL.</doc>
<assign>
<var>${item}</var>
</assign>
<msg timestamp="20191218 11:38:20.103" level="INFO">${item} = https://www.waven-game.com/fr/actualites/news</msg>
<status status="PASS" starttime="20191218 11:38:20.089" endtime="20191218 11:38:20.103"></status>
</kw>
<kw name="Wait Until Keyword Succeeds" library="BuiltIn">
<doc>Runs the specified keyword and retries if it fails.</doc>
<arguments>
<arg>1s</arg>
<arg>2s</arg>
<arg>Should Be Equal</arg>
<arg>${item}</arg>
<arg>${UrlNews}</arg>
</arguments>
<kw name="Should Be Equal" library="BuiltIn">
<doc>Fails if the given objects are unequal.</doc>
<arguments>
<arg>${item}</arg>
<arg>${UrlNews}</arg>
</arguments>
<status status="PASS" starttime="20191218 11:38:20.104" endtime="20191218 11:38:20.105"></status>
</kw>
<status status="PASS" starttime="20191218 11:38:20.104" endtime="20191218 11:38:20.105"></status>
</kw>
<kw name="Go Back" library="SeleniumLibrary">
<doc>Simulates the user clicking the back button on their browser.</doc>
<status status="PASS" starttime="20191218 11:38:20.105" endtime="20191218 11:38:21.188"></status>
</kw>
<kw name="Get Location" library="SeleniumLibrary">
<doc>Returns the current browser window URL.</doc>
<assign>
<var>${item}</var>
</assign>
<msg timestamp="20191218 11:38:21.210" level="INFO">${item} = https://www.waven-game.com/fr/telecharger</msg>
<status status="PASS" starttime="20191218 11:38:21.188" endtime="20191218 11:38:21.210"></status>
</kw>
<kw name="Wait Until Keyword Succeeds" library="BuiltIn">
<doc>Runs the specified keyword and retries if it fails.</doc>
<arguments>
<arg>1s</arg>
<arg>2s</arg>
<arg>Should Be Equal</arg>
<arg>${item}</arg>
<arg>${UrlHomePage}</arg>
</arguments>
<kw name="Should Be Equal" library="BuiltIn">
<doc>Fails if the given objects are unequal.</doc>
<arguments>
<arg>${item}</arg>
<arg>${UrlHomePage}</arg>
</arguments>
<msg timestamp="20191218 11:38:21.213" level="FAIL">https://www.waven-game.com/fr/telecharger != https://www.waven-game.com/fr/</msg>
<status status="FAIL" starttime="20191218 11:38:21.211" endtime="20191218 11:38:21.213"></status>
</kw>
<kw name="Should Be Equal" library="BuiltIn">
<doc>Fails if the given objects are unequal.</doc>
<arguments>
<arg>${item}</arg>
<arg>${UrlHomePage}</arg>
</arguments>
<msg timestamp="20191218 11:38:23.214" level="FAIL">https://www.waven-game.com/fr/telecharger != https://www.waven-game.com/fr/</msg>
<status status="FAIL" starttime="20191218 11:38:23.214" endtime="20191218 11:38:23.214"></status>
</kw>
<msg timestamp="20191218 11:38:23.215" level="FAIL">Keyword 'Should Be Equal' failed after retrying for 1 second. The last error was: https://www.waven-game.com/fr/telecharger != https://www.waven-game.com/fr/</msg>
<status status="FAIL" starttime="20191218 11:38:21.210" endtime="20191218 11:38:23.215"></status>
</kw>
<status status="FAIL" starttime="20191218 11:38:17.956" endtime="20191218 11:38:23.215"></status>
</kw>
<status status="FAIL" starttime="20191218 11:38:17.956" endtime="20191218 11:38:23.215" critical="yes">Keyword 'Should Be Equal' failed after retrying for 1 second. The last error was: https://www.waven-game.com/fr/telecharger != https://www.waven-game.com/fr/</status>
</test>
<test id="s1-s1-t4" name="VerifyHeros">
<status status="FAIL" starttime="20191218 11:38:23.215" endtime="20191218 11:38:23.216" critical="yes">Test case contains no keywords.</status>
</test>
<test id="s1-s1-t5" name="VerifyLadder">
<status status="FAIL" starttime="20191218 11:38:23.216" endtime="20191218 11:38:23.216" critical="yes">Test case contains no keywords.</status>
</test>
<test id="s1-s1-t6" name="VerifyForum">
<status status="FAIL" starttime="20191218 11:38:23.216" endtime="20191218 11:38:23.217" critical="yes">Test case contains no keywords.</status>
</test>
<test id="s1-s1-t7" name="VerifyConnexion">
<status status="FAIL" starttime="20191218 11:38:23.217" endtime="20191218 11:38:23.217" critical="yes">Test case contains no keywords.</status>
</test>
<test id="s1-s1-t8" name="VerifyInscription">
<status status="FAIL" starttime="20191218 11:38:23.218" endtime="20191218 11:38:23.218" critical="yes">Test case contains no keywords.</status>
</test>
<test id="s1-s1-t9" name="VerifyTranslate">
<status status="FAIL" starttime="20191218 11:38:23.218" endtime="20191218 11:38:23.218" critical="yes">Test case contains no keywords.</status>
</test>
<kw name="Close Browser" library="SeleniumLibrary" type="teardown">
<doc>Closes the current browser.</doc>
<status status="PASS" starttime="20191218 11:38:23.219" endtime="20191218 11:38:23.374"></status>
</kw>
<doc>A test suite for the Header

This test has a workflow that is created using keywords in
the imported resource file.</doc>
<status status="FAIL" starttime="20191218 11:37:25.756" endtime="20191218 11:38:23.375"></status>
</suite>
<status status="FAIL" starttime="20191218 11:37:25.719" endtime="20191218 11:38:23.383"></status>
</suite>
<statistics>
<total>
<stat pass="2" fail="7">Critical Tests</stat>
<stat pass="2" fail="7">All Tests</stat>
</total>
<tag>
</tag>
<suite>
<stat pass="2" fail="7" id="s1" name="Suites">Suites</stat>
<stat pass="2" fail="7" id="s1-s1" name="Header">Suites.Header</stat>
</suite>
</statistics>
<errors>
</errors>
</robot>
