<?xml version="1.0" encoding="UTF-8"?>
<robot generator="Rebot 3.1.2 (Python 3.8.1 on win32)" generated="20200220 11:53:01.100" rpa="false">
<suite id="s1" name="Test" source="C:\Users\AlexandreVASTRA\Desktop\Automatisation-master\TestCase\test.robot">
<test id="s1-t1" name="pipou">
<kw name="Go To HomePage" library="Keywords">
<kw name="Open Browser" library="SeleniumLibrary">
<doc>Opens a new browser instance to the optional ``url``.</doc>
<arguments>
<arg>${url}</arg>
<arg>${browser}</arg>
</arguments>
<msg timestamp="20200220 11:52:49.861" level="INFO">Opening browser 'Chrome' to base url 'https://www.waven-game.com/fr/'.</msg>
<status status="PASS" starttime="20200220 11:52:49.860" endtime="20200220 11:52:56.529"></status>
</kw>
<kw name="Maximize Browser Window" library="SeleniumLibrary">
<doc>Maximizes current browser window.</doc>
<status status="PASS" starttime="20200220 11:52:56.529" endtime="20200220 11:53:00.707"></status>
</kw>
<status status="PASS" starttime="20200220 11:52:49.860" endtime="20200220 11:53:00.707"></status>
</kw>
<status status="PASS" starttime="20200220 11:52:49.859" endtime="20200220 11:53:00.707" critical="yes"></status>
</test>
<doc>[https://pabot.org/?ref=log|Pabot] result from 1 executions.</doc>
<status status="PASS" starttime="20200220 11:52:49.619" endtime="20200220 11:53:00.708"></status>
</suite>
<statistics>
<total>
<stat pass="1" fail="0">Critical Tests</stat>
<stat pass="1" fail="0">All Tests</stat>
</total>
<tag>
</tag>
<suite>
<stat pass="1" fail="0" id="s1" name="Test">Test</stat>
</suite>
</statistics>
<errors>
</errors>
</robot>
