<?xml version="1.0" encoding="UTF-8"?>
<robot generator="Robot 3.1.2 (Python 3.8.0 on win32)" generated="20191218 11:37:25.730" rpa="false">
<suite id="s1" name="Suites">
<suite id="s1-s1" name="Test" source="C:\Users\20012361\OneDrive - ADEO\Profils\Bureau\Automatisation - Waven\TestCase\test.robot">
<test id="s1-s1-t1" name="pipou">
<kw name="Go To HomePage" library="Keywords">
<kw name="Open Browser" library="SeleniumLibrary">
<doc>Opens a new browser instance to the optional ``url``.</doc>
<arguments>
<arg>${url}</arg>
<arg>${browser}</arg>
<arg>${alias}</arg>
<arg>${urlgrid}</arg>
</arguments>
<msg timestamp="20191218 11:37:26.465" level="INFO">Opening browser 'Chrome' to base url 'https://www.waven-game.com/fr/' through remote server at 'http://10.1.5.140:4444/wd/hub'.</msg>
<status status="PASS" starttime="20191218 11:37:26.465" endtime="20191218 11:38:10.514"></status>
</kw>
<kw name="Maximize Browser Window" library="SeleniumLibrary">
<doc>Maximizes current browser window.</doc>
<status status="PASS" starttime="20191218 11:38:10.514" endtime="20191218 11:38:11.851"></status>
</kw>
<status status="PASS" starttime="20191218 11:37:26.464" endtime="20191218 11:38:11.851"></status>
</kw>
<status status="PASS" starttime="20191218 11:37:26.463" endtime="20191218 11:38:11.852" critical="yes"></status>
</test>
<status status="PASS" starttime="20191218 11:37:25.777" endtime="20191218 11:38:11.853"></status>
</suite>
<status status="PASS" starttime="20191218 11:37:25.733" endtime="20191218 11:38:11.857"></status>
</suite>
<statistics>
<total>
<stat pass="1" fail="0">Critical Tests</stat>
<stat pass="1" fail="0">All Tests</stat>
</total>
<tag>
</tag>
<suite>
<stat pass="1" fail="0" id="s1" name="Suites">Suites</stat>
<stat pass="1" fail="0" id="s1-s1" name="Test">Suites.Test</stat>
</suite>
</statistics>
<errors>
</errors>
</robot>
