<?xml version="1.0" encoding="UTF-8"?>
<robot generator="Robot 3.1.2 (Python 3.8.1 on win32)" generated="20200220 11:08:33.266" rpa="false">
<suite id="s1" name="Test" source="C:\Users\AlexandreVASTRA\Desktop\Automatisation-master\TestCase\test.robot">
<test id="s1-t1" name="pipou">
<kw name="Go To HomePage" library="Keywords">
<kw name="Open Browser" library="SeleniumLibrary">
<doc>Opens a new browser instance to the optional ``url``.</doc>
<arguments>
<arg>${url}</arg>
<arg>${browser}</arg>
</arguments>
<msg timestamp="20200220 11:08:33.494" level="INFO">Opening browser 'Chrome' to base url 'https://www.waven-game.com/fr/'.</msg>
<status status="PASS" starttime="20200220 11:08:33.493" endtime="20200220 11:08:40.584"></status>
</kw>
<kw name="Maximize Browser Window" library="SeleniumLibrary">
<doc>Maximizes current browser window.</doc>
<status status="PASS" starttime="20200220 11:08:40.584" endtime="20200220 11:08:44.729"></status>
</kw>
<status status="PASS" starttime="20200220 11:08:33.492" endtime="20200220 11:08:44.729"></status>
</kw>
<status status="PASS" starttime="20200220 11:08:33.487" endtime="20200220 11:08:44.731" critical="yes"></status>
</test>
<status status="PASS" starttime="20200220 11:08:33.268" endtime="20200220 11:08:44.735"></status>
</suite>
<statistics>
<total>
<stat pass="1" fail="0">Critical Tests</stat>
<stat pass="1" fail="0">All Tests</stat>
</total>
<tag>
</tag>
<suite>
<stat pass="1" fail="0" id="s1" name="Test">Test</stat>
</suite>
</statistics>
<errors>
</errors>
</robot>
